-------------------------------------------------------------------------------
Test set: iubar.presenze_api_test.UserTest
-------------------------------------------------------------------------------
Tests run: 1, Failures: 0, Errors: 1, Skipped: 0, Time elapsed: 0 s <<< FAILURE! - in iubar.presenze_api_test.UserTest
receiveValidazione(iubar.presenze_api_test.UserTest)  Time elapsed: 0 s  <<< ERROR!
java.lang.IllegalArgumentException: The Secret cannot be null
	at iubar.presenze_api_test.UserTest.receiveValidazione(UserTest.java:26)

