-------------------------------------------------------------------------------
Test set: iubar.presenze_api_test.LavoratoreTest
-------------------------------------------------------------------------------
Tests run: 4, Failures: 0, Errors: 4, Skipped: 0, Time elapsed: 0.001 s <<< FAILURE! - in iubar.presenze_api_test.LavoratoreTest
receiveDatiLavoratore(iubar.presenze_api_test.LavoratoreTest)  Time elapsed: 0.001 s  <<< ERROR!
java.lang.IllegalArgumentException: The Secret cannot be null
	at iubar.presenze_api_test.LavoratoreTest.receiveDatiLavoratore(LavoratoreTest.java:35)

sendInserimentoLavoratore(iubar.presenze_api_test.LavoratoreTest)  Time elapsed: 0 s  <<< ERROR!
java.lang.IllegalArgumentException: The Secret cannot be null
	at iubar.presenze_api_test.LavoratoreTest.sendInserimentoLavoratore(LavoratoreTest.java:107)

sendInserimentoLavoratori(iubar.presenze_api_test.LavoratoreTest)  Time elapsed: 0 s  <<< ERROR!
java.lang.IllegalArgumentException: The Secret cannot be null
	at iubar.presenze_api_test.LavoratoreTest.sendInserimentoLavoratori(LavoratoreTest.java:150)

receiveElencoLavoratori(iubar.presenze_api_test.LavoratoreTest)  Time elapsed: 0 s  <<< ERROR!
java.lang.IllegalArgumentException: The Secret cannot be null
	at iubar.presenze_api_test.LavoratoreTest.receiveElencoLavoratori(LavoratoreTest.java:64)

