-------------------------------------------------------------------------------
Test set: iubar.presenze_api_test.ImpresaTest
-------------------------------------------------------------------------------
Tests run: 3, Failures: 0, Errors: 3, Skipped: 0, Time elapsed: 0 s <<< FAILURE! - in iubar.presenze_api_test.ImpresaTest
receiveElencoImpresa(iubar.presenze_api_test.ImpresaTest)  Time elapsed: 0 s  <<< ERROR!
java.lang.IllegalArgumentException: The Secret cannot be null
	at iubar.presenze_api_test.ImpresaTest.receiveElencoImpresa(ImpresaTest.java:104)

sendInserimentoImpresa(iubar.presenze_api_test.ImpresaTest)  Time elapsed: 0 s  <<< ERROR!
java.lang.IllegalArgumentException: The Secret cannot be null
	at iubar.presenze_api_test.ImpresaTest.sendInserimentoImpresa(ImpresaTest.java:73)

receiveDatiImpresa(iubar.presenze_api_test.ImpresaTest)  Time elapsed: 0 s  <<< ERROR!
java.lang.IllegalArgumentException: The Secret cannot be null
	at iubar.presenze_api_test.ImpresaTest.receiveDatiImpresa(ImpresaTest.java:30)

