-------------------------------------------------------------------------------
Test set: iubar.presenze_api_test.StatsTest
-------------------------------------------------------------------------------
Tests run: 2, Failures: 0, Errors: 2, Skipped: 0, Time elapsed: 0 s <<< FAILURE! - in iubar.presenze_api_test.StatsTest
sendInserimentoCedolini(iubar.presenze_api_test.StatsTest)  Time elapsed: 0 s  <<< ERROR!
java.lang.IllegalArgumentException: The Secret cannot be null
	at iubar.presenze_api_test.StatsTest.sendInserimentoCedolini(StatsTest.java:44)

receiveCedolino(iubar.presenze_api_test.StatsTest)  Time elapsed: 0 s  <<< ERROR!
java.lang.IllegalArgumentException: The Secret cannot be null
	at iubar.presenze_api_test.StatsTest.receiveCedolino(StatsTest.java:77)

