-------------------------------------------------------------------------------
Test set: iubar.presenze_api_test.PresenzaTest
-------------------------------------------------------------------------------
Tests run: 3, Failures: 0, Errors: 3, Skipped: 0, Time elapsed: 0.001 s <<< FAILURE! - in iubar.presenze_api_test.PresenzaTest
receiveElencoPerImpresa(iubar.presenze_api_test.PresenzaTest)  Time elapsed: 0.001 s  <<< ERROR!
java.lang.IllegalArgumentException: The Secret cannot be null
	at iubar.presenze_api_test.PresenzaTest.receiveElencoPerImpresa(PresenzaTest.java:74)

receiveElencoPerLavoratore(iubar.presenze_api_test.PresenzaTest)  Time elapsed: 0 s  <<< ERROR!
java.lang.IllegalArgumentException: The Secret cannot be null
	at iubar.presenze_api_test.PresenzaTest.receiveElencoPerLavoratore(PresenzaTest.java:108)

sendInserimentoDaLavoratore(iubar.presenze_api_test.PresenzaTest)  Time elapsed: 0 s  <<< ERROR!
java.lang.IllegalArgumentException: The Secret cannot be null
	at iubar.presenze_api_test.PresenzaTest.sendInserimentoDaLavoratore(PresenzaTest.java:42)

