<?xml version="1.0" encoding="UTF-8"?>
<testsuite xmlns:xsi="http://www.w3.org/2001/XMLSchema-instance" xsi:noNamespaceSchemaLocation="https://maven.apache.org/surefire/maven-surefire-plugin/xsd/surefire-test-report.xsd" name="iubar.presenze_api_test.UserTest" time="0" tests="1" errors="1" skipped="0" failures="0">
  <properties>
[...]
</properties>
  <testcase name="receiveValidazione" classname="iubar.presenze_api_test.UserTest" time="0">
    <error message="The Secret cannot be null" type="java.lang.IllegalArgumentException">java.lang.IllegalArgumentException: The Secret cannot be null
	at iubar.presenze_api_test.UserTest.receiveValidazione(UserTest.java:26)
</error>
    <system-out><![CDATA[GET:http://presenze.iubar.it/api/v1/user/validate
]]></system-out>
  </testcase>
</testsuite>