<?xml version="1.0" encoding="UTF-8"?>
<testsuite xmlns:xsi="http://www.w3.org/2001/XMLSchema-instance" xsi:noNamespaceSchemaLocation="https://maven.apache.org/surefire/maven-surefire-plugin/xsd/surefire-test-report.xsd" name="iubar.presenze_api_test.PresenzaTest" time="1.169" tests="3" errors="0" skipped="0" failures="0">
  <properties>
[...]
</properties>
  <testcase name="receiveElencoPerImpresa" classname="iubar.presenze_api_test.PresenzaTest" time="0.274"/>
  <testcase name="receiveElencoPerLavoratore" classname="iubar.presenze_api_test.PresenzaTest" time="0.397"/>
  <testcase name="sendInserimentoDaLavoratore" classname="iubar.presenze_api_test.PresenzaTest" time="0.498"/>
</testsuite>